{
  "stats": {
    "suites": 1,
    "tests": 3,
    "passes": 3,
    "pending": 0,
    "failures": 0,
    "start": "2026-05-01T05:21:39.107Z",
    "end": "2026-05-01T05:21:58.159Z",
    "duration": 19052,
    "testsRegistered": 3,
    "passPercent": 100,
    "pendingPercent": 0,
    "other": 0,
    "hasOther": false,
    "skipped": 0,
    "hasSkipped": false
  },
  "results": [
    {
      "uuid": "90a7e500-ddf8-4063-9951-cc6702874250",
      "title": "",
      "fullFile": "cypress/e2e/coverage/user-interactions.cy.js",
      "file": "cypress/e2e/coverage/user-interactions.cy.js",
      "beforeHooks": [],
      "afterHooks": [],
      "tests": [],
      "suites": [
        {
          "uuid": "bc011287-2f46-449d-a89e-b20ebf44acdc",
          "title": "Cross-page user interactions",
          "fullFile": "",
          "file": "",
          "beforeHooks": [],
          "afterHooks": [],
          "tests": [
            {
              "title": "redirects root and unknown routes to dashboard",
              "fullTitle": "Cross-page user interactions redirects root and unknown routes to dashboard",
              "timedOut": null,
              "duration": 12344,
              "state": "passed",
              "speed": "slow",
              "pass": true,
              "fail": false,
              "pending": false,
              "context": null,
              "code": "cy.visit('/');\ncy.url().should('include', '/dashboard');\ncy.visit('/non-existent-route', {\n  failOnStatusCode: false\n});\ncy.url().should('include', '/dashboard');",
              "err": {},
              "uuid": "382d511c-1df7-4dc3-b9e4-4c48141f03c7",
              "parentUUID": "bc011287-2f46-449d-a89e-b20ebf44acdc",
              "isHook": false,
              "skipped": false
            },
            {
              "title": "navigates across all pages and performs primary actions",
              "fullTitle": "Cross-page user interactions navigates across all pages and performs primary actions",
              "timedOut": null,
              "duration": 2624,
              "state": "passed",
              "speed": "fast",
              "pass": true,
              "fail": false,
              "pending": false,
              "context": null,
              "code": "cy.visit('/dashboard');\ncy.get('[data-testid=\"export-button\"]').click();\ncy.get('[data-testid=\"dashboard-feedback\"]').should('contain', 'Export started successfully');\ncy.get('[data-testid=\"refresh-button\"]').click();\ncy.get('[data-testid=\"dashboard-feedback\"]').should('contain', 'Dashboard refreshed 1 time');\ncy.contains('Data').click();\ncy.url().should('include', '/data');\ncy.get('[data-testid=\"next-page-button\"]').click();\ncy.get('[data-testid=\"page-number\"]').should('contain', 'Page 2 of');\ncy.get('[data-testid=\"prev-page-button\"]').click();\ncy.get('[data-testid=\"page-number\"]').should('contain', 'Page 1 of');\ncy.contains('Settings').click();\ncy.url().should('include', '/settings');\ncy.get('[data-testid=\"save-settings-button\"]').click();\ncy.get('[data-testid=\"settings-feedback\"]').should('contain', 'saved successfully');",
              "err": {},
              "uuid": "8345363e-0b0a-44e2-8efd-6d53f4406421",
              "parentUUID": "bc011287-2f46-449d-a89e-b20ebf44acdc",
              "isHook": false,
              "skipped": false
            },
            {
              "title": "shows active navigation state on each route",
              "fullTitle": "Cross-page user interactions shows active navigation state on each route",
              "timedOut": null,
              "duration": 554,
              "state": "passed",
              "speed": "fast",
              "pass": true,
              "fail": false,
              "pending": false,
              "context": null,
              "code": "cy.visit('/dashboard');\ncy.contains('a', 'Dashboard').should('have.class', 'active');\ncy.contains('a', 'Data').should('not.have.class', 'active');\ncy.contains('a', 'Data').click();\ncy.contains('a', 'Data').should('have.class', 'active');\ncy.contains('a', 'Settings').should('not.have.class', 'active');\ncy.contains('a', 'Settings').click();\ncy.contains('a', 'Settings').should('have.class', 'active');\ncy.contains('a', 'Dashboard').should('not.have.class', 'active');",
              "err": {},
              "uuid": "9ee01682-212d-48f0-ac5c-17662b3f5392",
              "parentUUID": "bc011287-2f46-449d-a89e-b20ebf44acdc",
              "isHook": false,
              "skipped": false
            }
          ],
          "suites": [],
          "passes": [
            "382d511c-1df7-4dc3-b9e4-4c48141f03c7",
            "8345363e-0b0a-44e2-8efd-6d53f4406421",
            "9ee01682-212d-48f0-ac5c-17662b3f5392"
          ],
          "failures": [],
          "pending": [],
          "skipped": [],
          "duration": 15522,
          "root": false,
          "rootEmpty": false,
          "_timeout": 2000
        }
      ],
      "passes": [],
      "failures": [],
      "pending": [],
      "skipped": [],
      "duration": 0,
      "root": true,
      "rootEmpty": true,
      "_timeout": 2000
    }
  ],
  "meta": {
    "mocha": {
      "version": "7.2.0"
    },
    "mochawesome": {
      "options": {
        "quiet": true,
        "reportFilename": "test-execution",
        "saveHtml": false,
        "saveJson": true,
        "consoleReporter": "spec",
        "useInlineDiffs": false,
        "code": true
      },
      "version": "7.1.4"
    },
    "marge": {
      "options": {
        "reportDir": "cypress/reports",
        "reportFilename": "test-execution",
        "quiet": true,
        "overwrite": true,
        "html": false,
        "json": true
      },
      "version": "6.3.2"
    }
  }
}