{
  "stats": {
    "suites": 1,
    "tests": 3,
    "passes": 3,
    "pending": 0,
    "failures": 0,
    "start": "2026-05-01T05:09:39.737Z",
    "end": "2026-05-01T05:10:16.635Z",
    "duration": 36898,
    "testsRegistered": 3,
    "passPercent": 100,
    "pendingPercent": 0,
    "other": 0,
    "hasOther": false,
    "skipped": 0,
    "hasSkipped": false
  },
  "results": [
    {
      "uuid": "1dbb1dcb-e8ff-42e4-a692-9ef26bd4472a",
      "title": "",
      "fullFile": "cypress/e2e/coverage/data-table-operations.cy.js",
      "file": "cypress/e2e/coverage/data-table-operations.cy.js",
      "beforeHooks": [],
      "afterHooks": [],
      "tests": [],
      "suites": [
        {
          "uuid": "e3f77a9f-284c-4f67-a400-2e357b4c0dfb",
          "title": "Data table operations",
          "fullFile": "",
          "file": "",
          "beforeHooks": [],
          "afterHooks": [],
          "tests": [
            {
              "title": "renders required table elements and rows",
              "fullTitle": "Data table operations renders required table elements and rows",
              "timedOut": null,
              "duration": 3850,
              "state": "passed",
              "speed": "fast",
              "pass": true,
              "fail": false,
              "pending": false,
              "context": null,
              "code": "cy.visit('/data');\ncy.get('[data-testid=\"data-table\"]').should('be.visible');\ncy.get('[data-testid=\"search-input\"]').should('be.visible');\ncy.get('[data-testid=\"pagination-controls\"]').should('be.visible');\ncy.get('[data-testid=\"page-size-select\"]').should('be.visible');\ncy.get('[data-testid=\"page-number\"]').should('contain', 'Page 1 of');\ncy.get('[data-testid=\"prev-page-button\"]').should('be.disabled');\ncy.get('[data-testid=\"next-page-button\"]').should('be.enabled');\ncy.get('[data-testid^=\"table-header-\"]').its('length').should('be.gte', 1);\ncy.get('[data-testid^=\"table-row-\"]').its('length').should('eq', 10);",
              "err": {},
              "uuid": "10643a96-fea7-42ea-a886-e1ed93cffd6a",
              "parentUUID": "e3f77a9f-284c-4f67-a400-2e357b4c0dfb",
              "isHook": false,
              "skipped": false
            },
            {
              "title": "supports sorting, searching, and changing page size",
              "fullTitle": "Data table operations supports sorting, searching, and changing page size",
              "timedOut": null,
              "duration": 9152,
              "state": "passed",
              "speed": "medium",
              "pass": true,
              "fail": false,
              "pending": false,
              "context": null,
              "code": "cy.visit('/data');\ncy.get('[data-testid=\"sort-company\"]').click();\ncy.get('[data-testid=\"table-row-0\"]').should('contain', 'Client 01');\ncy.get('[data-testid=\"sort-company\"]').click();\ncy.get('[data-testid=\"table-row-0\"]').should('contain', 'Client 80');\ncy.get('[data-testid=\"search-input\"]').type('Client 05');\ncy.get('[data-testid^=\"table-row-\"]').its('length').should('eq', 1);\ncy.get('[data-testid=\"table-row-0\"]').should('contain', 'Client 05');\ncy.get('[data-testid=\"search-input\"]').clear();\ncy.get('[data-testid=\"page-size-select\"]').select('20');\ncy.get('[data-testid^=\"table-row-\"]').its('length').should('eq', 20);",
              "err": {},
              "uuid": "7e858fa0-adb8-4625-ad39-a244d978fb02",
              "parentUUID": "e3f77a9f-284c-4f67-a400-2e357b4c0dfb",
              "isHook": false,
              "skipped": false
            },
            {
              "title": "handles boundary pagination and alternate sort columns",
              "fullTitle": "Data table operations handles boundary pagination and alternate sort columns",
              "timedOut": null,
              "duration": 11283,
              "state": "passed",
              "speed": "slow",
              "pass": true,
              "fail": false,
              "pending": false,
              "context": null,
              "code": "cy.visit('/data');\ncy.get('[data-testid=\"page-size-select\"]').select('5');\ncy.get('[data-testid=\"page-number\"]').should('contain', 'Page 1 of 16');\ncy.get('[data-testid=\"prev-page-button\"]').click({\n  force: true\n});\ncy.get('[data-testid=\"page-number\"]').should('contain', 'Page 1 of 16');\nfor (let i = 0; i < 20; i += 1) {\n  cy.get('[data-testid=\"next-page-button\"]').click({\n    force: true\n  });\n}\ncy.get('[data-testid=\"page-number\"]').should('contain', 'Page 16 of 16');\ncy.get('[data-testid=\"next-page-button\"]').should('be.disabled');\ncy.get('[data-testid=\"sort-revenue\"]').click();\ncy.get('[data-testid=\"sort-revenue\"]').click();\ncy.get('[data-testid=\"sort-id\"]').click();\ncy.get('[data-testid=\"table-row-0\"] td').first().invoke('text').should('match', /^\\d+$/);",
              "err": {},
              "uuid": "1c845e5c-f96e-4095-8efa-ba6f636336c8",
              "parentUUID": "e3f77a9f-284c-4f67-a400-2e357b4c0dfb",
              "isHook": false,
              "skipped": false
            }
          ],
          "suites": [],
          "passes": [
            "10643a96-fea7-42ea-a886-e1ed93cffd6a",
            "7e858fa0-adb8-4625-ad39-a244d978fb02",
            "1c845e5c-f96e-4095-8efa-ba6f636336c8"
          ],
          "failures": [],
          "pending": [],
          "skipped": [],
          "duration": 24285,
          "root": false,
          "rootEmpty": false,
          "_timeout": 2000
        }
      ],
      "passes": [],
      "failures": [],
      "pending": [],
      "skipped": [],
      "duration": 0,
      "root": true,
      "rootEmpty": true,
      "_timeout": 2000
    }
  ],
  "meta": {
    "mocha": {
      "version": "7.2.0"
    },
    "mochawesome": {
      "options": {
        "quiet": true,
        "reportFilename": "test-execution",
        "saveHtml": false,
        "saveJson": true,
        "consoleReporter": "spec",
        "useInlineDiffs": false,
        "code": true
      },
      "version": "7.1.4"
    },
    "marge": {
      "options": {
        "reportDir": "cypress/reports",
        "reportFilename": "test-execution",
        "quiet": true,
        "overwrite": true,
        "html": false,
        "json": true
      },
      "version": "6.3.2"
    }
  }
}