<?xml version="1.0" encoding="UTF-8"?>
<coverage generated="1777612215124" clover="3.2.0">
  <project timestamp="1777612215125" name="All files">
    <metrics statements="175" coveredstatements="152" conditionals="88" coveredconditionals="49" methods="59" coveredmethods="52" elements="322" coveredelements="253" complexity="0" loc="175" ncloc="175" packages="4" files="7" classes="7"/>
    <package name="src">
      <metrics statements="19" coveredstatements="14" conditionals="12" coveredconditionals="5" methods="5" coveredmethods="3"/>
      <file name="App.jsx" path="/app/src/App.jsx">
        <metrics statements="17" coveredstatements="12" conditionals="12" coveredconditionals="5" methods="5" coveredmethods="3"/>
        <line num="6" count="13" type="stmt"/>
        <line num="9" count="26" type="stmt"/>
        <line num="86" count="13" type="stmt"/>
        <line num="89" count="13" type="stmt"/>
        <line num="91" count="13" type="cond" truecount="1" falsecount="1"/>
        <line num="93" count="13" type="cond" truecount="3" falsecount="1"/>
        <line num="94" count="13" type="cond" truecount="1" falsecount="1"/>
        <line num="95" count="0" type="stmt"/>
        <line num="100" count="13" type="stmt"/>
        <line num="101" count="13" type="stmt"/>
        <line num="102" count="13" type="stmt"/>
        <line num="103" count="13" type="stmt"/>
        <line num="104" count="0" type="cond" truecount="0" falsecount="2"/>
        <line num="105" count="0" type="stmt"/>
        <line num="106" count="0" type="cond" truecount="0" falsecount="2"/>
        <line num="110" count="13" type="stmt"/>
        <line num="111" count="0" type="stmt"/>
      </file>
      <file name="main.jsx" path="/app/src/main.jsx">
        <metrics statements="2" coveredstatements="2" conditionals="0" coveredconditionals="0" methods="0" coveredmethods="0"/>
        <line num="6" count="13" type="stmt"/>
        <line num="8" count="13" type="stmt"/>
      </file>
    </package>
    <package name="src.components">
      <metrics statements="18" coveredstatements="13" conditionals="14" coveredconditionals="7" methods="6" coveredmethods="4"/>
      <file name="AppLayout.jsx" path="/app/src/components/AppLayout.jsx">
        <metrics statements="18" coveredstatements="13" conditionals="14" coveredconditionals="7" methods="6" coveredmethods="4"/>
        <line num="2" count="13" type="stmt"/>
        <line num="4" count="84" type="cond" truecount="2" falsecount="0"/>
        <line num="6" count="26" type="stmt"/>
        <line num="73" count="13" type="stmt"/>
        <line num="75" count="13" type="stmt"/>
        <line num="77" count="13" type="cond" truecount="1" falsecount="1"/>
        <line num="79" count="13" type="cond" truecount="3" falsecount="1"/>
        <line num="80" count="13" type="cond" truecount="1" falsecount="1"/>
        <line num="81" count="0" type="stmt"/>
        <line num="86" count="13" type="stmt"/>
        <line num="87" count="13" type="stmt"/>
        <line num="88" count="13" type="stmt"/>
        <line num="89" count="13" type="stmt"/>
        <line num="90" count="0" type="cond" truecount="0" falsecount="2"/>
        <line num="91" count="0" type="stmt"/>
        <line num="92" count="0" type="cond" truecount="0" falsecount="2"/>
        <line num="96" count="13" type="stmt"/>
        <line num="97" count="0" type="stmt"/>
      </file>
    </package>
    <package name="src.data">
      <metrics statements="8" coveredstatements="8" conditionals="0" coveredconditionals="0" methods="1" coveredmethods="1"/>
      <file name="mockData.js" path="/app/src/data/mockData.js">
        <metrics statements="8" coveredstatements="8" conditionals="0" coveredconditionals="0" methods="1" coveredmethods="1"/>
        <line num="1" count="13" type="stmt"/>
        <line num="10" count="13" type="stmt"/>
        <line num="19" count="13" type="stmt"/>
        <line num="24" count="13" type="stmt"/>
        <line num="29" count="13" type="stmt"/>
        <line num="30" count="1040" type="stmt"/>
        <line num="31" count="1040" type="stmt"/>
        <line num="45" count="13" type="stmt"/>
      </file>
    </package>
    <package name="src.pages">
      <metrics statements="130" coveredstatements="117" conditionals="62" coveredconditionals="37" methods="47" coveredmethods="44"/>
      <file name="DashboardPage.jsx" path="/app/src/pages/DashboardPage.jsx">
        <metrics statements="31" coveredstatements="27" conditionals="16" coveredconditionals="9" methods="12" coveredmethods="11"/>
        <line num="3" count="13" type="stmt"/>
        <line num="5" count="13" type="stmt"/>
        <line num="6" count="13" type="stmt"/>
        <line num="24" count="28" type="stmt"/>
        <line num="25" count="28" type="stmt"/>
        <line num="26" count="28" type="stmt"/>
        <line num="27" count="28" type="stmt"/>
        <line num="28" count="28" type="stmt"/>
        <line num="29" count="28" type="stmt"/>
        <line num="30" count="28" type="stmt"/>
        <line num="95" count="8" type="stmt"/>
        <line num="96" count="4" type="stmt"/>
        <line num="108" count="2" type="stmt"/>
        <line num="244" count="196" type="stmt"/>
        <line num="272" count="196" type="stmt"/>
        <line num="312" count="13" type="stmt"/>
        <line num="313" count="13" type="stmt"/>
        <line num="315" count="13" type="stmt"/>
        <line num="317" count="13" type="cond" truecount="1" falsecount="1"/>
        <line num="319" count="13" type="cond" truecount="3" falsecount="1"/>
        <line num="320" count="13" type="cond" truecount="1" falsecount="1"/>
        <line num="321" count="0" type="stmt"/>
        <line num="326" count="13" type="stmt"/>
        <line num="327" count="13" type="stmt"/>
        <line num="328" count="13" type="stmt"/>
        <line num="329" count="13" type="stmt"/>
        <line num="330" count="0" type="cond" truecount="0" falsecount="2"/>
        <line num="331" count="0" type="stmt"/>
        <line num="332" count="0" type="cond" truecount="0" falsecount="2"/>
        <line num="336" count="13" type="stmt"/>
        <line num="337" count="13" type="stmt"/>
      </file>
      <file name="DataPage.jsx" path="/app/src/pages/DataPage.jsx">
        <metrics statements="66" coveredstatements="61" conditionals="34" coveredconditionals="23" methods="22" coveredmethods="21"/>
        <line num="3" count="13" type="stmt"/>
        <line num="5" count="13" type="stmt"/>
        <line num="6" count="13" type="stmt"/>
        <line num="15" count="7060" type="cond" truecount="2" falsecount="0"/>
        <line num="18" count="124" type="stmt"/>
        <line num="19" count="124" type="stmt"/>
        <line num="20" count="124" type="stmt"/>
        <line num="21" count="124" type="stmt"/>
        <line num="22" count="124" type="stmt"/>
        <line num="23" count="124" type="stmt"/>
        <line num="24" count="124" type="stmt"/>
        <line num="25" count="70" type="cond" truecount="2" falsecount="0"/>
        <line num="26" count="14" type="stmt"/>
        <line num="28" count="56" type="stmt"/>
        <line num="29" count="21560" type="stmt"/>
        <line num="31" count="124" type="stmt"/>
        <line num="32" count="84" type="stmt"/>
        <line num="33" count="84" type="stmt"/>
        <line num="34" count="3530" type="stmt"/>
        <line num="35" count="3530" type="stmt"/>
        <line num="36" count="3530" type="cond" truecount="1" falsecount="1"/>
        <line num="37" count="0" type="stmt"/>
        <line num="39" count="3530" type="cond" truecount="2" falsecount="0"/>
        <line num="40" count="1776" type="cond" truecount="1" falsecount="1"/>
        <line num="42" count="1754" type="cond" truecount="1" falsecount="1"/>
        <line num="44" count="84" type="stmt"/>
        <line num="50" count="124" type="stmt"/>
        <line num="51" count="124" type="stmt"/>
        <line num="52" count="124" type="stmt"/>
        <line num="53" count="124" type="stmt"/>
        <line num="54" count="124" type="stmt"/>
        <line num="60" count="124" type="stmt"/>
        <line num="61" count="7" type="cond" truecount="2" falsecount="0"/>
        <line num="62" count="6" type="cond" truecount="1" falsecount="1"/>
        <line num="63" count="3" type="stmt"/>
        <line num="65" count="4" type="stmt"/>
        <line num="66" count="4" type="stmt"/>
        <line num="68" count="124" type="stmt"/>
        <line num="69" count="17" type="stmt"/>
        <line num="70" count="17" type="stmt"/>
        <line num="72" count="124" type="stmt"/>
        <line num="98" count="30" type="stmt"/>
        <line num="99" count="30" type="stmt"/>
        <line num="117" count="744" type="stmt"/>
        <line num="122" count="7" type="stmt"/>
        <line num="153" count="680" type="stmt"/>
        <line num="230" count="3" type="stmt"/>
        <line num="231" count="3" type="stmt"/>
        <line num="268" count="1" type="stmt"/>
        <line num="293" count="16" type="stmt"/>
        <line num="314" count="13" type="stmt"/>
        <line num="315" count="13" type="stmt"/>
        <line num="317" count="13" type="stmt"/>
        <line num="319" count="13" type="cond" truecount="1" falsecount="1"/>
        <line num="321" count="13" type="cond" truecount="3" falsecount="1"/>
        <line num="322" count="13" type="cond" truecount="1" falsecount="1"/>
        <line num="323" count="0" type="stmt"/>
        <line num="328" count="13" type="stmt"/>
        <line num="329" count="13" type="stmt"/>
        <line num="330" count="13" type="stmt"/>
        <line num="331" count="13" type="stmt"/>
        <line num="332" count="0" type="cond" truecount="0" falsecount="2"/>
        <line num="333" count="0" type="stmt"/>
        <line num="334" count="0" type="cond" truecount="0" falsecount="2"/>
        <line num="338" count="13" type="stmt"/>
        <line num="339" count="13" type="stmt"/>
      </file>
      <file name="SettingsPage.jsx" path="/app/src/pages/SettingsPage.jsx">
        <metrics statements="33" coveredstatements="29" conditionals="12" coveredconditionals="5" methods="13" coveredmethods="12"/>
        <line num="3" count="13" type="stmt"/>
        <line num="5" count="13" type="stmt"/>
        <line num="7" count="18" type="stmt"/>
        <line num="8" count="18" type="stmt"/>
        <line num="9" count="18" type="stmt"/>
        <line num="10" count="18" type="stmt"/>
        <line num="11" count="10" type="stmt"/>
        <line num="15" count="5" type="stmt"/>
        <line num="17" count="18" type="stmt"/>
        <line num="39" count="1" type="stmt"/>
        <line num="40" count="1" type="stmt"/>
        <line num="58" count="1" type="stmt"/>
        <line num="107" count="1" type="stmt"/>
        <line num="163" count="2" type="stmt"/>
        <line num="184" count="1" type="stmt"/>
        <line num="231" count="1" type="stmt"/>
        <line num="232" count="1" type="stmt"/>
        <line num="267" count="13" type="stmt"/>
        <line num="268" count="13" type="stmt"/>
        <line num="270" count="13" type="stmt"/>
        <line num="272" count="13" type="cond" truecount="1" falsecount="1"/>
        <line num="274" count="13" type="cond" truecount="3" falsecount="1"/>
        <line num="275" count="13" type="cond" truecount="1" falsecount="1"/>
        <line num="276" count="0" type="stmt"/>
        <line num="281" count="13" type="stmt"/>
        <line num="282" count="13" type="stmt"/>
        <line num="283" count="13" type="stmt"/>
        <line num="284" count="13" type="stmt"/>
        <line num="285" count="0" type="cond" truecount="0" falsecount="2"/>
        <line num="286" count="0" type="stmt"/>
        <line num="287" count="0" type="cond" truecount="0" falsecount="2"/>
        <line num="291" count="13" type="stmt"/>
        <line num="292" count="13" type="stmt"/>
      </file>
    </package>
  </project>
</coverage>
