<?xml version="1.0" encoding="UTF-8"?>
<coverage generated="1777612926198" clover="3.2.0">
  <project timestamp="1777612926200" name="All files">
    <metrics statements="78" coveredstatements="77" conditionals="20" coveredconditionals="17" methods="25" coveredmethods="25" elements="123" coveredelements="119" complexity="0" loc="78" ncloc="78" packages="4" files="6" classes="6"/>
    <package name="src">
      <metrics statements="1" coveredstatements="1" conditionals="0" coveredconditionals="0" methods="0" coveredmethods="0"/>
      <file name="main.jsx" path="/app/src/main.jsx">
        <metrics statements="1" coveredstatements="1" conditionals="0" coveredconditionals="0" methods="0" coveredmethods="0"/>
        <line num="7" count="22" type="stmt"/>
      </file>
    </package>
    <package name="src.components">
      <metrics statements="1" coveredstatements="1" conditionals="2" coveredconditionals="2" methods="1" coveredmethods="1"/>
      <file name="AppLayout.jsx" path="/app/src/components/AppLayout.jsx">
        <metrics statements="1" coveredstatements="1" conditionals="2" coveredconditionals="2" methods="1" coveredmethods="1"/>
        <line num="3" count="174" type="cond" truecount="2" falsecount="0"/>
      </file>
    </package>
    <package name="src.data">
      <metrics statements="8" coveredstatements="8" conditionals="0" coveredconditionals="0" methods="1" coveredmethods="1"/>
      <file name="mockData.js" path="/app/src/data/mockData.js">
        <metrics statements="8" coveredstatements="8" conditionals="0" coveredconditionals="0" methods="1" coveredmethods="1"/>
        <line num="1" count="22" type="stmt"/>
        <line num="2" count="22" type="stmt"/>
        <line num="4" count="22" type="stmt"/>
        <line num="5" count="22" type="stmt"/>
        <line num="7" count="22" type="stmt"/>
        <line num="8" count="1760" type="stmt"/>
        <line num="9" count="1760" type="stmt"/>
        <line num="19" count="22" type="stmt"/>
      </file>
    </package>
    <package name="src.pages">
      <metrics statements="68" coveredstatements="67" conditionals="18" coveredconditionals="15" methods="23" coveredmethods="23"/>
      <file name="DashboardPage.jsx" path="/app/src/pages/DashboardPage.jsx">
        <metrics statements="12" coveredstatements="12" conditionals="4" coveredconditionals="4" methods="6" coveredmethods="6"/>
        <line num="4" count="22" type="stmt"/>
        <line num="11" count="40" type="stmt"/>
        <line num="12" count="40" type="stmt"/>
        <line num="13" count="40" type="stmt"/>
        <line num="15" count="40" type="stmt"/>
        <line num="16" count="40" type="stmt"/>
        <line num="42" count="10" type="stmt"/>
        <line num="43" count="5" type="stmt"/>
        <line num="52" count="3" type="stmt"/>
        <line num="81" count="280" type="stmt"/>
        <line num="94" count="280" type="stmt"/>
        <line num="112" count="22" type="stmt"/>
      </file>
      <file name="DataPage.jsx" path="/app/src/pages/DataPage.jsx">
        <metrics statements="43" coveredstatements="42" conditionals="14" coveredconditionals="11" methods="12" coveredmethods="12"/>
        <line num="4" count="22" type="stmt"/>
        <line num="7" count="8324" type="cond" truecount="2" falsecount="0"/>
        <line num="11" count="176" type="stmt"/>
        <line num="12" count="176" type="stmt"/>
        <line num="13" count="176" type="stmt"/>
        <line num="14" count="176" type="stmt"/>
        <line num="15" count="176" type="stmt"/>
        <line num="17" count="176" type="stmt"/>
        <line num="19" count="22" type="stmt"/>
        <line num="22" count="82" type="stmt"/>
        <line num="23" count="82" type="stmt"/>
        <line num="24" count="6560" type="stmt"/>
        <line num="25" count="34040" type="stmt"/>
        <line num="30" count="176" type="stmt"/>
        <line num="31" count="118" type="stmt"/>
        <line num="32" count="118" type="stmt"/>
        <line num="33" count="4162" type="stmt"/>
        <line num="34" count="4162" type="stmt"/>
        <line num="37" count="0" type="stmt"/>
        <line num="41" count="2408" type="cond" truecount="1" falsecount="1"/>
        <line num="44" count="1754" type="cond" truecount="1" falsecount="1"/>
        <line num="46" count="118" type="stmt"/>
        <line num="49" count="176" type="stmt"/>
        <line num="50" count="176" type="stmt"/>
        <line num="52" count="176" type="stmt"/>
        <line num="53" count="176" type="stmt"/>
        <line num="54" count="176" type="stmt"/>
        <line num="59" count="6" type="cond" truecount="1" falsecount="1"/>
        <line num="60" count="3" type="stmt"/>
        <line num="63" count="4" type="stmt"/>
        <line num="64" count="4" type="stmt"/>
        <line num="68" count="26" type="stmt"/>
        <line num="69" count="26" type="stmt"/>
        <line num="85" count="43" type="stmt"/>
        <line num="86" count="43" type="stmt"/>
        <line num="98" count="1056" type="stmt"/>
        <line num="103" count="7" type="stmt"/>
        <line num="123" count="940" type="stmt"/>
        <line num="146" count="3" type="stmt"/>
        <line num="147" count="3" type="stmt"/>
        <line num="159" count="2" type="stmt"/>
        <line num="173" count="24" type="stmt"/>
        <line num="181" count="22" type="stmt"/>
      </file>
      <file name="SettingsPage.jsx" path="/app/src/pages/SettingsPage.jsx">
        <metrics statements="13" coveredstatements="13" conditionals="0" coveredconditionals="0" methods="5" coveredmethods="5"/>
        <line num="5" count="52" type="stmt"/>
        <line num="6" count="52" type="stmt"/>
        <line num="9" count="24" type="stmt"/>
        <line num="10" count="12" type="stmt"/>
        <line num="23" count="5" type="stmt"/>
        <line num="24" count="5" type="stmt"/>
        <line num="35" count="4" type="stmt"/>
        <line num="51" count="3" type="stmt"/>
        <line num="70" count="3" type="stmt"/>
        <line num="81" count="2" type="stmt"/>
        <line num="102" count="2" type="stmt"/>
        <line num="103" count="2" type="stmt"/>
        <line num="116" count="22" type="stmt"/>
      </file>
    </package>
  </project>
</coverage>
