{"total": {"lines":{"total":175,"covered":153,"skipped":0,"pct":87.42},"statements":{"total":193,"covered":161,"skipped":0,"pct":83.41},"functions":{"total":59,"covered":52,"skipped":0,"pct":88.13},"branches":{"total":88,"covered":53,"skipped":0,"pct":60.22},"branchesTrue":{"total":0,"covered":0,"skipped":0,"pct":100}}
,"C:/Users/prasa/OneDrive/Documents/analytics-dashboard-cypress-e2e/src/App.jsx": {"lines":{"total":17,"covered":12,"skipped":0,"pct":70.58},"functions":{"total":5,"covered":3,"skipped":0,"pct":60},"statements":{"total":19,"covered":12,"skipped":0,"pct":63.15},"branches":{"total":12,"covered":5,"skipped":0,"pct":41.66}}
,"C:/Users/prasa/OneDrive/Documents/analytics-dashboard-cypress-e2e/src/main.jsx": {"lines":{"total":2,"covered":2,"skipped":0,"pct":100},"functions":{"total":0,"covered":0,"skipped":0,"pct":100},"statements":{"total":2,"covered":2,"skipped":0,"pct":100},"branches":{"total":0,"covered":0,"skipped":0,"pct":100}}
,"C:/Users/prasa/OneDrive/Documents/analytics-dashboard-cypress-e2e/src/components/AppLayout.jsx": {"lines":{"total":18,"covered":13,"skipped":0,"pct":72.22},"functions":{"total":6,"covered":4,"skipped":0,"pct":66.66},"statements":{"total":21,"covered":14,"skipped":0,"pct":66.66},"branches":{"total":14,"covered":7,"skipped":0,"pct":50}}
,"C:/Users/prasa/OneDrive/Documents/analytics-dashboard-cypress-e2e/src/data/mockData.js": {"lines":{"total":8,"covered":8,"skipped":0,"pct":100},"functions":{"total":1,"covered":1,"skipped":0,"pct":100},"statements":{"total":8,"covered":8,"skipped":0,"pct":100},"branches":{"total":0,"covered":0,"skipped":0,"pct":100}}
,"C:/Users/prasa/OneDrive/Documents/analytics-dashboard-cypress-e2e/src/pages/DashboardPage.jsx": {"lines":{"total":31,"covered":27,"skipped":0,"pct":87.09},"functions":{"total":12,"covered":11,"skipped":0,"pct":91.66},"statements":{"total":36,"covered":30,"skipped":0,"pct":83.33},"branches":{"total":16,"covered":9,"skipped":0,"pct":56.25}}
,"C:/Users/prasa/OneDrive/Documents/analytics-dashboard-cypress-e2e/src/pages/DataPage.jsx": {"lines":{"total":66,"covered":62,"skipped":0,"pct":93.93},"functions":{"total":22,"covered":21,"skipped":0,"pct":95.45},"statements":{"total":71,"covered":65,"skipped":0,"pct":91.54},"branches":{"total":34,"covered":27,"skipped":0,"pct":79.41}}
,"C:/Users/prasa/OneDrive/Documents/analytics-dashboard-cypress-e2e/src/pages/SettingsPage.jsx": {"lines":{"total":33,"covered":29,"skipped":0,"pct":87.87},"functions":{"total":13,"covered":12,"skipped":0,"pct":92.3},"statements":{"total":36,"covered":30,"skipped":0,"pct":83.33},"branches":{"total":12,"covered":5,"skipped":0,"pct":41.66}}
}
